<?xml version="1.0" encoding="UTF-8"?>
<!-- Generated by org.testng.reporters.JUnitReportReporter -->
<testsuite hostname="DESKTOP-44CB39I" failures="0" tests="1" name="Framework.Framework.class1" time="0.024" errors="0" timestamp="2023-02-26T20:55:53 IST" skipped="0">
  <testcase classname="Framework.Framework.class1" name="test" time="0.024"/>
  <system-out/>
</testsuite> <!-- Framework.Framework.class1 -->
