<?xml version="1.0" encoding="UTF-8"?>
<!-- Generated by org.testng.reporters.JUnitReportReporter -->
<testsuite hostname="DESKTOP-44CB39I" failures="0" tests="1" name="Testcases.BaseClass" time="35.067" errors="0" timestamp="2023-03-15T22:25:00 IST" skipped="0">
  <testcase classname="Testcases.BaseClass" name="ConfigureAppium" time="35.067"/>
  <system-out/>
</testsuite> <!-- Testcases.BaseClass -->
