<?xml version="1.0" encoding="UTF-8"?>
<!-- Generated by org.testng.reporters.JUnitReportReporter -->
<testsuite hostname="DESKTOP-44CB39I" failures="0" tests="1" name="Testcases.Test1" time="5.653" errors="0" timestamp="2023-03-19T19:57:13 IST" skipped="0">
  <testcase classname="Testcases.Test1" name="Tests" time="5.653"/>
  <system-out/>
</testsuite> <!-- Testcases.Test1 -->
