<?xml version="1.0" encoding="UTF-8"?>
<!-- Generated by org.testng.reporters.JUnitReportReporter -->
<testsuite hostname="DESKTOP-44CB39I" failures="0" tests="1" name="Testcases.POMTest" time="5.375" errors="0" timestamp="2023-03-19T20:10:09 IST" skipped="0">
  <testcase classname="Testcases.POMTest" name="pomtest" time="5.375"/>
  <system-out/>
</testsuite> <!-- Testcases.POMTest -->
